<?xml version="1.0" encoding="UTF-8"?>
<!-- Generated by org.testng.reporters.JUnitReportReporter -->
<testsuite hostname="DESKTOP-807AG9O" failures="0" tests="1" name="testcases.orangeHRM.TC01_OrangeHRM_LoginTest" time="84.685" errors="0" timestamp="2023-07-14T07:37:35 IST" skipped="0">
  <testcase classname="testcases.orangeHRM.TC01_OrangeHRM_LoginTest" name="test_OrangeHRMLogin" time="84.685"/>
</testsuite> <!-- testcases.orangeHRM.TC01_OrangeHRM_LoginTest -->
