<?xml version="1.0" encoding="UTF-8"?>
<!-- Generated by org.testng.reporters.JUnitReportReporter -->
<testsuite hostname="DESKTOP-807AG9O" failures="0" tests="1" name="testcases.orangeHRM.TC04_OrangeHRM_EditEmployee" time="42.032" errors="0" timestamp="2023-07-14T07:37:35 IST" skipped="1">
  <testcase classname="testcases.orangeHRM.TC04_OrangeHRM_EditEmployee" name="editEmployee" time="42.032">
    <skipped/>
  </testcase> <!-- editEmployee -->
</testsuite> <!-- testcases.orangeHRM.TC04_OrangeHRM_EditEmployee -->
