<?xml version="1.0" encoding="UTF-8"?>
<!-- Generated by org.testng.reporters.JUnitReportReporter -->
<testsuite hostname="DESKTOP-807AG9O" failures="0" tests="2" name="testcases.practice.Demo1" time="19.553" errors="0" timestamp="2023-07-14T06:48:10 IST" skipped="0">
  <testcase classname="testcases.practice.Demo1" name="demoWebshopLogin" time="5.579"/>
  <testcase classname="testcases.practice.Demo1" name="orangeHRMLogin" time="13.974"/>
</testsuite> <!-- testcases.practice.Demo1 -->
