<?xml version="1.0" encoding="UTF-8"?>
<!-- Generated by org.testng.reporters.JUnitReportReporter -->
<testsuite hostname="DESKTOP-807AG9O" failures="0" tests="3" name="testcases.practice.Demo3" time="0.034" errors="0" timestamp="2023-07-14T06:48:10 IST" skipped="0">
  <testcase classname="testcases.practice.Demo3" name="test1" time="0.005"/>
  <testcase classname="testcases.practice.Demo3" name="test2" time="0.006"/>
  <testcase classname="testcases.practice.Demo3" name="test3" time="0.023"/>
</testsuite> <!-- testcases.practice.Demo3 -->
