<?xml version="1.0" encoding="UTF-8"?>
<!-- Generated by org.testng.reporters.JUnitReportReporter -->
<testsuite hostname="DESKTOP-807AG9O" failures="0" tests="3" name="testcases.practice.Demo2" time="0.066" errors="0" timestamp="2023-07-14T06:48:10 IST" skipped="0">
  <testcase classname="testcases.practice.Demo2" name="test2" time="0.033"/>
  <testcase classname="testcases.practice.Demo2" name="test3" time="0.015"/>
  <testcase classname="testcases.practice.Demo2" name="test1" time="0.018"/>
</testsuite> <!-- testcases.practice.Demo2 -->
