<?xml version="1.0" encoding="UTF-8"?>
<!-- Generated by org.testng.reporters.JUnitReportReporter -->
<testsuite hostname="DESKTOP-807AG9O" failures="0" tests="3" name="testcases.practice.Demo4" time="0.058" errors="0" timestamp="2023-07-14T06:48:10 IST" skipped="0">
  <testcase classname="testcases.practice.Demo4" name="test3" time="0.006"/>
  <testcase classname="testcases.practice.Demo4" name="test2" time="0.044"/>
  <testcase classname="testcases.practice.Demo4" name="test1" time="0.008"/>
</testsuite> <!-- testcases.practice.Demo4 -->
